<?xml version="1.0" encoding="UTF-8"?>
<!-- Generated by org.testng.reporters.JUnitXMLReporter -->
<testsuite hostname="DESKTOP-23AEDGJ" ignored="0" name="Test" tests="3" failures="0" timestamp="18 Oct 2019 09:26:57 GMT" time="4.041" errors="0">
  <testcase name="postAPITest" time="2.127" classname="com.qa.tests.PostAPITest"/>
  <testcase name="getAPITestWithoutHeaders" time="1.016" classname="com.qa.tests.GetAPITest"/>
  <testcase name="getAPITestWithHeaders" time="0.872" classname="com.qa.tests.GetAPITest"/>
</testsuite> <!-- Test -->
