<?xml version="1.0" encoding="UTF-8"?>
<testng-results skipped="0" failed="0" ignored="0" total="3" passed="3">
  <reporter-output>
  </reporter-output>
  <suite name="Suite" duration-ms="4041" started-at="2019-10-18T09:26:52Z" finished-at="2019-10-18T09:26:57Z">
    <groups>
    </groups>
    <test name="Test" duration-ms="4041" started-at="2019-10-18T09:26:52Z" finished-at="2019-10-18T09:26:57Z">
      <class name="com.qa.tests.PostAPITest">
        <test-method status="PASS" signature="setUp()[pri:0, instance:com.qa.tests.PostAPITest@5e82df6a]" name="setUp" is-config="true" duration-ms="5" started-at="2019-10-18T09:26:52Z" finished-at="2019-10-18T09:26:52Z">
          <reporter-output>
          </reporter-output>
        </test-method> <!-- setUp -->
        <test-method status="PASS" signature="postAPITest()[pri:0, instance:com.qa.tests.PostAPITest@5e82df6a]" name="postAPITest" duration-ms="2127" started-at="2019-10-18T09:26:52Z" finished-at="2019-10-18T09:26:55Z">
          <reporter-output>
          </reporter-output>
        </test-method> <!-- postAPITest -->
      </class> <!-- com.qa.tests.PostAPITest -->
      <class name="com.qa.tests.GetAPITest">
        <test-method status="PASS" signature="setUp()[pri:0, instance:com.qa.tests.GetAPITest@3f197a46]" name="setUp" is-config="true" duration-ms="0" started-at="2019-10-18T09:26:55Z" finished-at="2019-10-18T09:26:55Z">
          <reporter-output>
          </reporter-output>
        </test-method> <!-- setUp -->
        <test-method status="PASS" signature="getAPITestWithoutHeaders()[pri:1, instance:com.qa.tests.GetAPITest@3f197a46]" name="getAPITestWithoutHeaders" duration-ms="1016" started-at="2019-10-18T09:26:55Z" finished-at="2019-10-18T09:26:56Z">
          <reporter-output>
          </reporter-output>
        </test-method> <!-- getAPITestWithoutHeaders -->
        <test-method status="PASS" signature="getAPITestWithHeaders()[pri:2, instance:com.qa.tests.GetAPITest@3f197a46]" name="getAPITestWithHeaders" duration-ms="872" started-at="2019-10-18T09:26:56Z" finished-at="2019-10-18T09:26:57Z">
          <reporter-output>
          </reporter-output>
        </test-method> <!-- getAPITestWithHeaders -->
        <test-method status="PASS" signature="setUp()[pri:0, instance:com.qa.tests.GetAPITest@3f197a46]" name="setUp" is-config="true" duration-ms="0" started-at="2019-10-18T09:26:56Z" finished-at="2019-10-18T09:26:56Z">
          <reporter-output>
          </reporter-output>
        </test-method> <!-- setUp -->
      </class> <!-- com.qa.tests.GetAPITest -->
    </test> <!-- Test -->
  </suite> <!-- Suite -->
</testng-results>
